[2024-10-21 16:51:41] production.ERROR: file_get_contents(F:\DAW\ProyectoTransversal_1\Web\Laravel\takeAwayG6\.env): Failed to open stream: No such file or directory {"exception":"[object] (ErrorException(code: 0): file_get_contents(F:\\DAW\\ProyectoTransversal_1\\Web\\Laravel\\takeAwayG6\\.env): Failed to open stream: No such file or directory at F:\\DAW\\ProyectoTransversal_1\\Web\\Laravel\\takeAwayG6\\vendor\\laravel\\framework\\src\\Illuminate\\Foundation\\Console\\KeyGenerateCommand.php:96)
[stacktrace]
#0 [internal function]: Illuminate\\Foundation\\Bootstrap\\HandleExceptions->handleError(2, 'file_get_conten...', 'F:\\\\DAW\\\\Proyecto...', 96)
#1 F:\\DAW\\ProyectoTransversal_1\\Web\\Laravel\\takeAwayG6\\vendor\\laravel\\framework\\src\\Illuminate\\Foundation\\Console\\KeyGenerateCommand.php(96): file_get_contents('F:\\\\DAW\\\\Proyecto...')
#2 F:\\DAW\\ProyectoTransversal_1\\Web\\Laravel\\takeAwayG6\\vendor\\laravel\\framework\\src\\Illuminate\\Foundation\\Console\\KeyGenerateCommand.php(80): Illuminate\\Foundation\\Console\\KeyGenerateCommand->writeNewEnvironmentFileWith('base64:uWWRXWo8...')
#3 F:\\DAW\\ProyectoTransversal_1\\Web\\Laravel\\takeAwayG6\\vendor\\laravel\\framework\\src\\Illuminate\\Foundation\\Console\\KeyGenerateCommand.php(45): Illuminate\\Foundation\\Console\\KeyGenerateCommand->setKeyInEnvironmentFile('base64:uWWRXWo8...')
#4 F:\\DAW\\ProyectoTransversal_1\\Web\\Laravel\\takeAwayG6\\vendor\\laravel\\framework\\src\\Illuminate\\Container\\BoundMethod.php(36): Illuminate\\Foundation\\Console\\KeyGenerateCommand->handle()
#5 F:\\DAW\\ProyectoTransversal_1\\Web\\Laravel\\takeAwayG6\\vendor\\laravel\\framework\\src\\Illuminate\\Container\\Util.php(40): Illuminate\\Container\\BoundMethod::Illuminate\\Container\\{closure}()
#6 F:\\DAW\\ProyectoTransversal_1\\Web\\Laravel\\takeAwayG6\\vendor\\laravel\\framework\\src\\Illuminate\\Container\\BoundMethod.php(93): Illuminate\\Container\\Util::unwrapIfClosure(Object(Closure))
#7 F:\\DAW\\ProyectoTransversal_1\\Web\\Laravel\\takeAwayG6\\vendor\\laravel\\framework\\src\\Illuminate\\Container\\BoundMethod.php(35): Illuminate\\Container\\BoundMethod::callBoundMethod(Object(Illuminate\\Foundation\\Application), Array, Object(Closure))
#8 F:\\DAW\\ProyectoTransversal_1\\Web\\Laravel\\takeAwayG6\\vendor\\laravel\\framework\\src\\Illuminate\\Container\\Container.php(653): Illuminate\\Container\\BoundMethod::call(Object(Illuminate\\Foundation\\Application), Array, Array, NULL)
#9 F:\\DAW\\ProyectoTransversal_1\\Web\\Laravel\\takeAwayG6\\vendor\\laravel\\framework\\src\\Illuminate\\Console\\Command.php(136): Illuminate\\Container\\Container->call(Array)
#10 F:\\DAW\\ProyectoTransversal_1\\Web\\Laravel\\takeAwayG6\\vendor\\symfony\\console\\Command\\Command.php(298): Illuminate\\Console\\Command->execute(Object(Symfony\\Component\\Console\\Input\\ArgvInput), Object(Illuminate\\Console\\OutputStyle))
#11 F:\\DAW\\ProyectoTransversal_1\\Web\\Laravel\\takeAwayG6\\vendor\\laravel\\framework\\src\\Illuminate\\Console\\Command.php(120): Symfony\\Component\\Console\\Command\\Command->run(Object(Symfony\\Component\\Console\\Input\\ArgvInput), Object(Illuminate\\Console\\OutputStyle))
#12 F:\\DAW\\ProyectoTransversal_1\\Web\\Laravel\\takeAwayG6\\vendor\\symfony\\console\\Application.php(1040): Illuminate\\Console\\Command->run(Object(Symfony\\Component\\Console\\Input\\ArgvInput), Object(Symfony\\Component\\Console\\Output\\ConsoleOutput))
#13 F:\\DAW\\ProyectoTransversal_1\\Web\\Laravel\\takeAwayG6\\vendor\\symfony\\console\\Application.php(301): Symfony\\Component\\Console\\Application->doRunCommand(Object(Illuminate\\Foundation\\Console\\KeyGenerateCommand), Object(Symfony\\Component\\Console\\Input\\ArgvInput), Object(Symfony\\Component\\Console\\Output\\ConsoleOutput))
#14 F:\\DAW\\ProyectoTransversal_1\\Web\\Laravel\\takeAwayG6\\vendor\\symfony\\console\\Application.php(171): Symfony\\Component\\Console\\Application->doRun(Object(Symfony\\Component\\Console\\Input\\ArgvInput), Object(Symfony\\Component\\Console\\Output\\ConsoleOutput))
#15 F:\\DAW\\ProyectoTransversal_1\\Web\\Laravel\\takeAwayG6\\vendor\\laravel\\framework\\src\\Illuminate\\Console\\Application.php(94): Symfony\\Component\\Console\\Application->run(Object(Symfony\\Component\\Console\\Input\\ArgvInput), Object(Symfony\\Component\\Console\\Output\\ConsoleOutput))
#16 F:\\DAW\\ProyectoTransversal_1\\Web\\Laravel\\takeAwayG6\\vendor\\laravel\\framework\\src\\Illuminate\\Foundation\\Console\\Kernel.php(129): Illuminate\\Console\\Application->run(Object(Symfony\\Component\\Console\\Input\\ArgvInput), Object(Symfony\\Component\\Console\\Output\\ConsoleOutput))
#17 F:\\DAW\\ProyectoTransversal_1\\Web\\Laravel\\takeAwayG6\\artisan(35): Illuminate\\Foundation\\Console\\Kernel->handle(Object(Symfony\\Component\\Console\\Input\\ArgvInput), Object(Symfony\\Component\\Console\\Output\\ConsoleOutput))
#18 {main}
"} 
[2024-10-21 16:51:42] production.ERROR: Uncaught Whoops\Exception\ErrorException: Using ${var} in strings is deprecated, use {$var} instead in F:\DAW\ProyectoTransversal_1\Web\Laravel\takeAwayG6\vendor\facade\ignition\src\SolutionProviders\MergeConflictSolutionProvider.php:52
Stack trace:
#0 F:\DAW\ProyectoTransversal_1\Web\Laravel\takeAwayG6\vendor\composer\ClassLoader.php(576): Whoops\Run->handleError(8192, 'Using ${var} in...', 'F:\\DAW\\Proyecto...', 52)
#1 F:\DAW\ProyectoTransversal_1\Web\Laravel\takeAwayG6\vendor\composer\ClassLoader.php(576): include()
#2 F:\DAW\ProyectoTransversal_1\Web\Laravel\takeAwayG6\vendor\composer\ClassLoader.php(427): Composer\Autoload\{closure}('F:\\DAW\\Proyecto...')
#3 [internal function]: Composer\Autoload\ClassLoader->loadClass('Facade\\Ignition...')
#4 F:\DAW\ProyectoTransversal_1\Web\Laravel\takeAwayG6\vendor\facade\ignition\src\SolutionProviders\SolutionProviderRepository.php(50): class_implements('Facade\\Ignition...')
#5 [internal function]: Facade\Ignition\SolutionProviders\SolutionProviderRepository->Facade\Ignition\SolutionProviders\{closure}('Facade\\Ignition...', 10)
#6 F:\DAW\ProyectoTransversal_1\Web\Laravel\takeAwayG6\vendor\laravel\framework\src\Illuminate\Collections\Arr.php(717): array_filter(Array, Object(Closure), 1)
#7 F:\DAW\ProyectoTransversal_1\Web\Laravel\takeAwayG6\vendor\laravel\framework\src\Illuminate\Collections\Collection.php(358): Illuminate\Support\Arr::where(Array, Object(Closure))
#8 F:\DAW\ProyectoTransversal_1\Web\Laravel\takeAwayG6\vendor\facade\ignition\src\SolutionProviders\SolutionProviderRepository.php(49): Illuminate\Support\Collection->filter(Object(Closure))
#9 F:\DAW\ProyectoTransversal_1\Web\Laravel\takeAwayG6\vendor\nunomaduro\collision\src\Adapters\Laravel\IgnitionSolutionsRepository.php(36): Facade\Ignition\SolutionProviders\SolutionProviderRepository->getSolutionsForThrowable(Object(Whoops\Exception\ErrorException))
#10 F:\DAW\ProyectoTransversal_1\Web\Laravel\takeAwayG6\vendor\nunomaduro\collision\src\Writer.php(244): NunoMaduro\Collision\Adapters\Laravel\IgnitionSolutionsRepository->getFromThrowable(Object(Whoops\Exception\ErrorException))
#11 F:\DAW\ProyectoTransversal_1\Web\Laravel\takeAwayG6\vendor\nunomaduro\collision\src\Writer.php(123): NunoMaduro\Collision\Writer->renderSolution(Object(Whoops\Exception\Inspector))
#12 F:\DAW\ProyectoTransversal_1\Web\Laravel\takeAwayG6\vendor\nunomaduro\collision\src\Handler.php(39): NunoMaduro\Collision\Writer->write(Object(Whoops\Exception\Inspector))
#13 F:\DAW\ProyectoTransversal_1\Web\Laravel\takeAwayG6\vendor\filp\whoops\src\Whoops\Run.php(398): NunoMaduro\Collision\Handler->handle(Object(Whoops\Exception\ErrorException))
#14 [internal function]: Whoops\Run->handleException(Object(Whoops\Exception\ErrorException))
#15 {main}
  thrown {"exception":"[object] (Symfony\\Component\\ErrorHandler\\Error\\FatalError(code: 0): Uncaught Whoops\\Exception\\ErrorException: Using ${var} in strings is deprecated, use {$var} instead in F:\\DAW\\ProyectoTransversal_1\\Web\\Laravel\\takeAwayG6\\vendor\\facade\\ignition\\src\\SolutionProviders\\MergeConflictSolutionProvider.php:52
Stack trace:
#0 F:\\DAW\\ProyectoTransversal_1\\Web\\Laravel\\takeAwayG6\\vendor\\composer\\ClassLoader.php(576): Whoops\\Run->handleError(8192, 'Using ${var} in...', 'F:\\\\DAW\\\\Proyecto...', 52)
#1 F:\\DAW\\ProyectoTransversal_1\\Web\\Laravel\\takeAwayG6\\vendor\\composer\\ClassLoader.php(576): include()
#2 F:\\DAW\\ProyectoTransversal_1\\Web\\Laravel\\takeAwayG6\\vendor\\composer\\ClassLoader.php(427): Composer\\Autoload\\{closure}('F:\\\\DAW\\\\Proyecto...')
#3 [internal function]: Composer\\Autoload\\ClassLoader->loadClass('Facade\\\\Ignition...')
#4 F:\\DAW\\ProyectoTransversal_1\\Web\\Laravel\\takeAwayG6\\vendor\\facade\\ignition\\src\\SolutionProviders\\SolutionProviderRepository.php(50): class_implements('Facade\\\\Ignition...')
#5 [internal function]: Facade\\Ignition\\SolutionProviders\\SolutionProviderRepository->Facade\\Ignition\\SolutionProviders\\{closure}('Facade\\\\Ignition...', 10)
#6 F:\\DAW\\ProyectoTransversal_1\\Web\\Laravel\\takeAwayG6\\vendor\\laravel\\framework\\src\\Illuminate\\Collections\\Arr.php(717): array_filter(Array, Object(Closure), 1)
#7 F:\\DAW\\ProyectoTransversal_1\\Web\\Laravel\\takeAwayG6\\vendor\\laravel\\framework\\src\\Illuminate\\Collections\\Collection.php(358): Illuminate\\Support\\Arr::where(Array, Object(Closure))
#8 F:\\DAW\\ProyectoTransversal_1\\Web\\Laravel\\takeAwayG6\\vendor\\facade\\ignition\\src\\SolutionProviders\\SolutionProviderRepository.php(49): Illuminate\\Support\\Collection->filter(Object(Closure))
#9 F:\\DAW\\ProyectoTransversal_1\\Web\\Laravel\\takeAwayG6\\vendor\\nunomaduro\\collision\\src\\Adapters\\Laravel\\IgnitionSolutionsRepository.php(36): Facade\\Ignition\\SolutionProviders\\SolutionProviderRepository->getSolutionsForThrowable(Object(Whoops\\Exception\\ErrorException))
#10 F:\\DAW\\ProyectoTransversal_1\\Web\\Laravel\\takeAwayG6\\vendor\\nunomaduro\\collision\\src\\Writer.php(244): NunoMaduro\\Collision\\Adapters\\Laravel\\IgnitionSolutionsRepository->getFromThrowable(Object(Whoops\\Exception\\ErrorException))
#11 F:\\DAW\\ProyectoTransversal_1\\Web\\Laravel\\takeAwayG6\\vendor\\nunomaduro\\collision\\src\\Writer.php(123): NunoMaduro\\Collision\\Writer->renderSolution(Object(Whoops\\Exception\\Inspector))
#12 F:\\DAW\\ProyectoTransversal_1\\Web\\Laravel\\takeAwayG6\\vendor\\nunomaduro\\collision\\src\\Handler.php(39): NunoMaduro\\Collision\\Writer->write(Object(Whoops\\Exception\\Inspector))
#13 F:\\DAW\\ProyectoTransversal_1\\Web\\Laravel\\takeAwayG6\\vendor\\filp\\whoops\\src\\Whoops\\Run.php(398): NunoMaduro\\Collision\\Handler->handle(Object(Whoops\\Exception\\ErrorException))
#14 [internal function]: Whoops\\Run->handleException(Object(Whoops\\Exception\\ErrorException))
#15 {main}
  thrown at F:\\DAW\\ProyectoTransversal_1\\Web\\Laravel\\takeAwayG6\\vendor\\facade\\ignition\\src\\SolutionProviders\\MergeConflictSolutionProvider.php:52)
[stacktrace]
#0 {main}
"} 
[2024-10-21 16:53:34] local.ERROR: SQLSTATE[HY000] [1049] Unknown database 'takeawayg6' (SQL: SHOW FULL TABLES WHERE table_type = 'BASE TABLE') {"exception":"[object] (Illuminate\\Database\\QueryException(code: 1049): SQLSTATE[HY000] [1049] Unknown database 'takeawayg6' (SQL: SHOW FULL TABLES WHERE table_type = 'BASE TABLE') at F:\\DAW\\ProyectoTransversal_1\\Web\\Laravel\\takeAwayG6\\vendor\\laravel\\framework\\src\\Illuminate\\Database\\Connection.php:712)
[stacktrace]
#0 F:\\DAW\\ProyectoTransversal_1\\Web\\Laravel\\takeAwayG6\\vendor\\laravel\\framework\\src\\Illuminate\\Database\\Connection.php(672): Illuminate\\Database\\Connection->runQueryCallback('SHOW FULL TABLE...', Array, Object(Closure))
#1 F:\\DAW\\ProyectoTransversal_1\\Web\\Laravel\\takeAwayG6\\vendor\\laravel\\framework\\src\\Illuminate\\Database\\Connection.php(359): Illuminate\\Database\\Connection->run('SHOW FULL TABLE...', Array, Object(Closure))
#2 F:\\DAW\\ProyectoTransversal_1\\Web\\Laravel\\takeAwayG6\\vendor\\laravel\\framework\\src\\Illuminate\\Database\\Schema\\MySqlBuilder.php(124): Illuminate\\Database\\Connection->select('SHOW FULL TABLE...')
#3 F:\\DAW\\ProyectoTransversal_1\\Web\\Laravel\\takeAwayG6\\vendor\\laravel\\framework\\src\\Illuminate\\Database\\Schema\\MySqlBuilder.php(74): Illuminate\\Database\\Schema\\MySqlBuilder->getAllTables()
#4 F:\\DAW\\ProyectoTransversal_1\\Web\\Laravel\\takeAwayG6\\vendor\\laravel\\framework\\src\\Illuminate\\Database\\Console\\WipeCommand.php(69): Illuminate\\Database\\Schema\\MySqlBuilder->dropAllTables()
#5 F:\\DAW\\ProyectoTransversal_1\\Web\\Laravel\\takeAwayG6\\vendor\\laravel\\framework\\src\\Illuminate\\Database\\Console\\WipeCommand.php(46): Illuminate\\Database\\Console\\WipeCommand->dropAllTables(NULL)
#6 F:\\DAW\\ProyectoTransversal_1\\Web\\Laravel\\takeAwayG6\\vendor\\laravel\\framework\\src\\Illuminate\\Container\\BoundMethod.php(36): Illuminate\\Database\\Console\\WipeCommand->handle()
#7 F:\\DAW\\ProyectoTransversal_1\\Web\\Laravel\\takeAwayG6\\vendor\\laravel\\framework\\src\\Illuminate\\Container\\Util.php(40): Illuminate\\Container\\BoundMethod::Illuminate\\Container\\{closure}()
#8 F:\\DAW\\ProyectoTransversal_1\\Web\\Laravel\\takeAwayG6\\vendor\\laravel\\framework\\src\\Illuminate\\Container\\BoundMethod.php(93): Illuminate\\Container\\Util::unwrapIfClosure(Object(Closure))
#9 F:\\DAW\\ProyectoTransversal_1\\Web\\Laravel\\takeAwayG6\\vendor\\laravel\\framework\\src\\Illuminate\\Container\\BoundMethod.php(35): Illuminate\\Container\\BoundMethod::callBoundMethod(Object(Illuminate\\Foundation\\Application), Array, Object(Closure))
#10 F:\\DAW\\ProyectoTransversal_1\\Web\\Laravel\\takeAwayG6\\vendor\\laravel\\framework\\src\\Illuminate\\Container\\Container.php(653): Illuminate\\Container\\BoundMethod::call(Object(Illuminate\\Foundation\\Application), Array, Array, NULL)
#11 F:\\DAW\\ProyectoTransversal_1\\Web\\Laravel\\takeAwayG6\\vendor\\laravel\\framework\\src\\Illuminate\\Console\\Command.php(136): Illuminate\\Container\\Container->call(Array)
#12 F:\\DAW\\ProyectoTransversal_1\\Web\\Laravel\\takeAwayG6\\vendor\\symfony\\console\\Command\\Command.php(298): Illuminate\\Console\\Command->execute(Object(Symfony\\Component\\Console\\Input\\ArrayInput), Object(Illuminate\\Console\\OutputStyle))
#13 F:\\DAW\\ProyectoTransversal_1\\Web\\Laravel\\takeAwayG6\\vendor\\laravel\\framework\\src\\Illuminate\\Console\\Command.php(120): Symfony\\Component\\Console\\Command\\Command->run(Object(Symfony\\Component\\Console\\Input\\ArrayInput), Object(Illuminate\\Console\\OutputStyle))
#14 F:\\DAW\\ProyectoTransversal_1\\Web\\Laravel\\takeAwayG6\\vendor\\laravel\\framework\\src\\Illuminate\\Console\\Concerns\\CallsCommands.php(67): Illuminate\\Console\\Command->run(Object(Symfony\\Component\\Console\\Input\\ArrayInput), Object(Illuminate\\Console\\OutputStyle))
#15 F:\\DAW\\ProyectoTransversal_1\\Web\\Laravel\\takeAwayG6\\vendor\\laravel\\framework\\src\\Illuminate\\Console\\Concerns\\CallsCommands.php(28): Illuminate\\Console\\Command->runCommand('db:wipe', Array, Object(Illuminate\\Console\\OutputStyle))
#16 F:\\DAW\\ProyectoTransversal_1\\Web\\Laravel\\takeAwayG6\\vendor\\laravel\\framework\\src\\Illuminate\\Database\\Console\\Migrations\\FreshCommand.php(42): Illuminate\\Console\\Command->call('db:wipe', Array)
#17 F:\\DAW\\ProyectoTransversal_1\\Web\\Laravel\\takeAwayG6\\vendor\\laravel\\framework\\src\\Illuminate\\Container\\BoundMethod.php(36): Illuminate\\Database\\Console\\Migrations\\FreshCommand->handle()
#18 F:\\DAW\\ProyectoTransversal_1\\Web\\Laravel\\takeAwayG6\\vendor\\laravel\\framework\\src\\Illuminate\\Container\\Util.php(40): Illuminate\\Container\\BoundMethod::Illuminate\\Container\\{closure}()
#19 F:\\DAW\\ProyectoTransversal_1\\Web\\Laravel\\takeAwayG6\\vendor\\laravel\\framework\\src\\Illuminate\\Container\\BoundMethod.php(93): Illuminate\\Container\\Util::unwrapIfClosure(Object(Closure))
#20 F:\\DAW\\ProyectoTransversal_1\\Web\\Laravel\\takeAwayG6\\vendor\\laravel\\framework\\src\\Illuminate\\Container\\BoundMethod.php(35): Illuminate\\Container\\BoundMethod::callBoundMethod(Object(Illuminate\\Foundation\\Application), Array, Object(Closure))
#21 F:\\DAW\\ProyectoTransversal_1\\Web\\Laravel\\takeAwayG6\\vendor\\laravel\\framework\\src\\Illuminate\\Container\\Container.php(653): Illuminate\\Container\\BoundMethod::call(Object(Illuminate\\Foundation\\Application), Array, Array, NULL)
#22 F:\\DAW\\ProyectoTransversal_1\\Web\\Laravel\\takeAwayG6\\vendor\\laravel\\framework\\src\\Illuminate\\Console\\Command.php(136): Illuminate\\Container\\Container->call(Array)
#23 F:\\DAW\\ProyectoTransversal_1\\Web\\Laravel\\takeAwayG6\\vendor\\symfony\\console\\Command\\Command.php(298): Illuminate\\Console\\Command->execute(Object(Symfony\\Component\\Console\\Input\\ArgvInput), Object(Illuminate\\Console\\OutputStyle))
#24 F:\\DAW\\ProyectoTransversal_1\\Web\\Laravel\\takeAwayG6\\vendor\\laravel\\framework\\src\\Illuminate\\Console\\Command.php(120): Symfony\\Component\\Console\\Command\\Command->run(Object(Symfony\\Component\\Console\\Input\\ArgvInput), Object(Illuminate\\Console\\OutputStyle))
#25 F:\\DAW\\ProyectoTransversal_1\\Web\\Laravel\\takeAwayG6\\vendor\\symfony\\console\\Application.php(1040): Illuminate\\Console\\Command->run(Object(Symfony\\Component\\Console\\Input\\ArgvInput), Object(Symfony\\Component\\Console\\Output\\ConsoleOutput))
#26 F:\\DAW\\ProyectoTransversal_1\\Web\\Laravel\\takeAwayG6\\vendor\\symfony\\console\\Application.php(301): Symfony\\Component\\Console\\Application->doRunCommand(Object(Illuminate\\Database\\Console\\Migrations\\FreshCommand), Object(Symfony\\Component\\Console\\Input\\ArgvInput), Object(Symfony\\Component\\Console\\Output\\ConsoleOutput))
#27 F:\\DAW\\ProyectoTransversal_1\\Web\\Laravel\\takeAwayG6\\vendor\\symfony\\console\\Application.php(171): Symfony\\Component\\Console\\Application->doRun(Object(Symfony\\Component\\Console\\Input\\ArgvInput), Object(Symfony\\Component\\Console\\Output\\ConsoleOutput))
#28 F:\\DAW\\ProyectoTransversal_1\\Web\\Laravel\\takeAwayG6\\vendor\\laravel\\framework\\src\\Illuminate\\Console\\Application.php(94): Symfony\\Component\\Console\\Application->run(Object(Symfony\\Component\\Console\\Input\\ArgvInput), Object(Symfony\\Component\\Console\\Output\\ConsoleOutput))
#29 F:\\DAW\\ProyectoTransversal_1\\Web\\Laravel\\takeAwayG6\\vendor\\laravel\\framework\\src\\Illuminate\\Foundation\\Console\\Kernel.php(129): Illuminate\\Console\\Application->run(Object(Symfony\\Component\\Console\\Input\\ArgvInput), Object(Symfony\\Component\\Console\\Output\\ConsoleOutput))
#30 F:\\DAW\\ProyectoTransversal_1\\Web\\Laravel\\takeAwayG6\\artisan(35): Illuminate\\Foundation\\Console\\Kernel->handle(Object(Symfony\\Component\\Console\\Input\\ArgvInput), Object(Symfony\\Component\\Console\\Output\\ConsoleOutput))
#31 {main}

[previous exception] [object] (PDOException(code: 1049): SQLSTATE[HY000] [1049] Unknown database 'takeawayg6' at F:\\DAW\\ProyectoTransversal_1\\Web\\Laravel\\takeAwayG6\\vendor\\laravel\\framework\\src\\Illuminate\\Database\\Connectors\\Connector.php:70)
[stacktrace]
#0 F:\\DAW\\ProyectoTransversal_1\\Web\\Laravel\\takeAwayG6\\vendor\\laravel\\framework\\src\\Illuminate\\Database\\Connectors\\Connector.php(70): PDO->__construct('mysql:host=127....', 'root', Object(SensitiveParameterValue), Array)
#1 F:\\DAW\\ProyectoTransversal_1\\Web\\Laravel\\takeAwayG6\\vendor\\laravel\\framework\\src\\Illuminate\\Database\\Connectors\\Connector.php(45): Illuminate\\Database\\Connectors\\Connector->createPdoConnection('mysql:host=127....', 'root', '', Array)
#2 F:\\DAW\\ProyectoTransversal_1\\Web\\Laravel\\takeAwayG6\\vendor\\laravel\\framework\\src\\Illuminate\\Database\\Connectors\\MySqlConnector.php(24): Illuminate\\Database\\Connectors\\Connector->createConnection('mysql:host=127....', Array, Array)
#3 F:\\DAW\\ProyectoTransversal_1\\Web\\Laravel\\takeAwayG6\\vendor\\laravel\\framework\\src\\Illuminate\\Database\\Connectors\\ConnectionFactory.php(184): Illuminate\\Database\\Connectors\\MySqlConnector->connect(Array)
#4 [internal function]: Illuminate\\Database\\Connectors\\ConnectionFactory->Illuminate\\Database\\Connectors\\{closure}()
#5 F:\\DAW\\ProyectoTransversal_1\\Web\\Laravel\\takeAwayG6\\vendor\\laravel\\framework\\src\\Illuminate\\Database\\Connection.php(1064): call_user_func(Object(Closure))
#6 F:\\DAW\\ProyectoTransversal_1\\Web\\Laravel\\takeAwayG6\\vendor\\laravel\\framework\\src\\Illuminate\\Database\\Connection.php(1100): Illuminate\\Database\\Connection->getPdo()
#7 F:\\DAW\\ProyectoTransversal_1\\Web\\Laravel\\takeAwayG6\\vendor\\laravel\\framework\\src\\Illuminate\\Database\\Connection.php(442): Illuminate\\Database\\Connection->getReadPdo()
#8 F:\\DAW\\ProyectoTransversal_1\\Web\\Laravel\\takeAwayG6\\vendor\\laravel\\framework\\src\\Illuminate\\Database\\Connection.php(368): Illuminate\\Database\\Connection->getPdoForSelect(true)
#9 F:\\DAW\\ProyectoTransversal_1\\Web\\Laravel\\takeAwayG6\\vendor\\laravel\\framework\\src\\Illuminate\\Database\\Connection.php(705): Illuminate\\Database\\Connection->Illuminate\\Database\\{closure}('SHOW FULL TABLE...', Array)
#10 F:\\DAW\\ProyectoTransversal_1\\Web\\Laravel\\takeAwayG6\\vendor\\laravel\\framework\\src\\Illuminate\\Database\\Connection.php(672): Illuminate\\Database\\Connection->runQueryCallback('SHOW FULL TABLE...', Array, Object(Closure))
#11 F:\\DAW\\ProyectoTransversal_1\\Web\\Laravel\\takeAwayG6\\vendor\\laravel\\framework\\src\\Illuminate\\Database\\Connection.php(359): Illuminate\\Database\\Connection->run('SHOW FULL TABLE...', Array, Object(Closure))
#12 F:\\DAW\\ProyectoTransversal_1\\Web\\Laravel\\takeAwayG6\\vendor\\laravel\\framework\\src\\Illuminate\\Database\\Schema\\MySqlBuilder.php(124): Illuminate\\Database\\Connection->select('SHOW FULL TABLE...')
#13 F:\\DAW\\ProyectoTransversal_1\\Web\\Laravel\\takeAwayG6\\vendor\\laravel\\framework\\src\\Illuminate\\Database\\Schema\\MySqlBuilder.php(74): Illuminate\\Database\\Schema\\MySqlBuilder->getAllTables()
#14 F:\\DAW\\ProyectoTransversal_1\\Web\\Laravel\\takeAwayG6\\vendor\\laravel\\framework\\src\\Illuminate\\Database\\Console\\WipeCommand.php(69): Illuminate\\Database\\Schema\\MySqlBuilder->dropAllTables()
#15 F:\\DAW\\ProyectoTransversal_1\\Web\\Laravel\\takeAwayG6\\vendor\\laravel\\framework\\src\\Illuminate\\Database\\Console\\WipeCommand.php(46): Illuminate\\Database\\Console\\WipeCommand->dropAllTables(NULL)
#16 F:\\DAW\\ProyectoTransversal_1\\Web\\Laravel\\takeAwayG6\\vendor\\laravel\\framework\\src\\Illuminate\\Container\\BoundMethod.php(36): Illuminate\\Database\\Console\\WipeCommand->handle()
#17 F:\\DAW\\ProyectoTransversal_1\\Web\\Laravel\\takeAwayG6\\vendor\\laravel\\framework\\src\\Illuminate\\Container\\Util.php(40): Illuminate\\Container\\BoundMethod::Illuminate\\Container\\{closure}()
#18 F:\\DAW\\ProyectoTransversal_1\\Web\\Laravel\\takeAwayG6\\vendor\\laravel\\framework\\src\\Illuminate\\Container\\BoundMethod.php(93): Illuminate\\Container\\Util::unwrapIfClosure(Object(Closure))
#19 F:\\DAW\\ProyectoTransversal_1\\Web\\Laravel\\takeAwayG6\\vendor\\laravel\\framework\\src\\Illuminate\\Container\\BoundMethod.php(35): Illuminate\\Container\\BoundMethod::callBoundMethod(Object(Illuminate\\Foundation\\Application), Array, Object(Closure))
#20 F:\\DAW\\ProyectoTransversal_1\\Web\\Laravel\\takeAwayG6\\vendor\\laravel\\framework\\src\\Illuminate\\Container\\Container.php(653): Illuminate\\Container\\BoundMethod::call(Object(Illuminate\\Foundation\\Application), Array, Array, NULL)
#21 F:\\DAW\\ProyectoTransversal_1\\Web\\Laravel\\takeAwayG6\\vendor\\laravel\\framework\\src\\Illuminate\\Console\\Command.php(136): Illuminate\\Container\\Container->call(Array)
#22 F:\\DAW\\ProyectoTransversal_1\\Web\\Laravel\\takeAwayG6\\vendor\\symfony\\console\\Command\\Command.php(298): Illuminate\\Console\\Command->execute(Object(Symfony\\Component\\Console\\Input\\ArrayInput), Object(Illuminate\\Console\\OutputStyle))
#23 F:\\DAW\\ProyectoTransversal_1\\Web\\Laravel\\takeAwayG6\\vendor\\laravel\\framework\\src\\Illuminate\\Console\\Command.php(120): Symfony\\Component\\Console\\Command\\Command->run(Object(Symfony\\Component\\Console\\Input\\ArrayInput), Object(Illuminate\\Console\\OutputStyle))
#24 F:\\DAW\\ProyectoTransversal_1\\Web\\Laravel\\takeAwayG6\\vendor\\laravel\\framework\\src\\Illuminate\\Console\\Concerns\\CallsCommands.php(67): Illuminate\\Console\\Command->run(Object(Symfony\\Component\\Console\\Input\\ArrayInput), Object(Illuminate\\Console\\OutputStyle))
#25 F:\\DAW\\ProyectoTransversal_1\\Web\\Laravel\\takeAwayG6\\vendor\\laravel\\framework\\src\\Illuminate\\Console\\Concerns\\CallsCommands.php(28): Illuminate\\Console\\Command->runCommand('db:wipe', Array, Object(Illuminate\\Console\\OutputStyle))
#26 F:\\DAW\\ProyectoTransversal_1\\Web\\Laravel\\takeAwayG6\\vendor\\laravel\\framework\\src\\Illuminate\\Database\\Console\\Migrations\\FreshCommand.php(42): Illuminate\\Console\\Command->call('db:wipe', Array)
#27 F:\\DAW\\ProyectoTransversal_1\\Web\\Laravel\\takeAwayG6\\vendor\\laravel\\framework\\src\\Illuminate\\Container\\BoundMethod.php(36): Illuminate\\Database\\Console\\Migrations\\FreshCommand->handle()
#28 F:\\DAW\\ProyectoTransversal_1\\Web\\Laravel\\takeAwayG6\\vendor\\laravel\\framework\\src\\Illuminate\\Container\\Util.php(40): Illuminate\\Container\\BoundMethod::Illuminate\\Container\\{closure}()
#29 F:\\DAW\\ProyectoTransversal_1\\Web\\Laravel\\takeAwayG6\\vendor\\laravel\\framework\\src\\Illuminate\\Container\\BoundMethod.php(93): Illuminate\\Container\\Util::unwrapIfClosure(Object(Closure))
#30 F:\\DAW\\ProyectoTransversal_1\\Web\\Laravel\\takeAwayG6\\vendor\\laravel\\framework\\src\\Illuminate\\Container\\BoundMethod.php(35): Illuminate\\Container\\BoundMethod::callBoundMethod(Object(Illuminate\\Foundation\\Application), Array, Object(Closure))
#31 F:\\DAW\\ProyectoTransversal_1\\Web\\Laravel\\takeAwayG6\\vendor\\laravel\\framework\\src\\Illuminate\\Container\\Container.php(653): Illuminate\\Container\\BoundMethod::call(Object(Illuminate\\Foundation\\Application), Array, Array, NULL)
#32 F:\\DAW\\ProyectoTransversal_1\\Web\\Laravel\\takeAwayG6\\vendor\\laravel\\framework\\src\\Illuminate\\Console\\Command.php(136): Illuminate\\Container\\Container->call(Array)
#33 F:\\DAW\\ProyectoTransversal_1\\Web\\Laravel\\takeAwayG6\\vendor\\symfony\\console\\Command\\Command.php(298): Illuminate\\Console\\Command->execute(Object(Symfony\\Component\\Console\\Input\\ArgvInput), Object(Illuminate\\Console\\OutputStyle))
#34 F:\\DAW\\ProyectoTransversal_1\\Web\\Laravel\\takeAwayG6\\vendor\\laravel\\framework\\src\\Illuminate\\Console\\Command.php(120): Symfony\\Component\\Console\\Command\\Command->run(Object(Symfony\\Component\\Console\\Input\\ArgvInput), Object(Illuminate\\Console\\OutputStyle))
#35 F:\\DAW\\ProyectoTransversal_1\\Web\\Laravel\\takeAwayG6\\vendor\\symfony\\console\\Application.php(1040): Illuminate\\Console\\Command->run(Object(Symfony\\Component\\Console\\Input\\ArgvInput), Object(Symfony\\Component\\Console\\Output\\ConsoleOutput))
#36 F:\\DAW\\ProyectoTransversal_1\\Web\\Laravel\\takeAwayG6\\vendor\\symfony\\console\\Application.php(301): Symfony\\Component\\Console\\Application->doRunCommand(Object(Illuminate\\Database\\Console\\Migrations\\FreshCommand), Object(Symfony\\Component\\Console\\Input\\ArgvInput), Object(Symfony\\Component\\Console\\Output\\ConsoleOutput))
#37 F:\\DAW\\ProyectoTransversal_1\\Web\\Laravel\\takeAwayG6\\vendor\\symfony\\console\\Application.php(171): Symfony\\Component\\Console\\Application->doRun(Object(Symfony\\Component\\Console\\Input\\ArgvInput), Object(Symfony\\Component\\Console\\Output\\ConsoleOutput))
#38 F:\\DAW\\ProyectoTransversal_1\\Web\\Laravel\\takeAwayG6\\vendor\\laravel\\framework\\src\\Illuminate\\Console\\Application.php(94): Symfony\\Component\\Console\\Application->run(Object(Symfony\\Component\\Console\\Input\\ArgvInput), Object(Symfony\\Component\\Console\\Output\\ConsoleOutput))
#39 F:\\DAW\\ProyectoTransversal_1\\Web\\Laravel\\takeAwayG6\\vendor\\laravel\\framework\\src\\Illuminate\\Foundation\\Console\\Kernel.php(129): Illuminate\\Console\\Application->run(Object(Symfony\\Component\\Console\\Input\\ArgvInput), Object(Symfony\\Component\\Console\\Output\\ConsoleOutput))
#40 F:\\DAW\\ProyectoTransversal_1\\Web\\Laravel\\takeAwayG6\\artisan(35): Illuminate\\Foundation\\Console\\Kernel->handle(Object(Symfony\\Component\\Console\\Input\\ArgvInput), Object(Symfony\\Component\\Console\\Output\\ConsoleOutput))
#41 {main}
"} 
[2024-10-21 16:53:34] local.ERROR: Uncaught Whoops\Exception\ErrorException: Using ${var} in strings is deprecated, use {$var} instead in F:\DAW\ProyectoTransversal_1\Web\Laravel\takeAwayG6\vendor\facade\ignition\src\SolutionProviders\MergeConflictSolutionProvider.php:52
Stack trace:
#0 F:\DAW\ProyectoTransversal_1\Web\Laravel\takeAwayG6\vendor\composer\ClassLoader.php(576): Whoops\Run->handleError(8192, 'Using ${var} in...', 'F:\\DAW\\Proyecto...', 52)
#1 F:\DAW\ProyectoTransversal_1\Web\Laravel\takeAwayG6\vendor\composer\ClassLoader.php(576): include()
#2 F:\DAW\ProyectoTransversal_1\Web\Laravel\takeAwayG6\vendor\composer\ClassLoader.php(427): Composer\Autoload\{closure}('F:\\DAW\\Proyecto...')
#3 [internal function]: Composer\Autoload\ClassLoader->loadClass('Facade\\Ignition...')
#4 F:\DAW\ProyectoTransversal_1\Web\Laravel\takeAwayG6\vendor\facade\ignition\src\SolutionProviders\SolutionProviderRepository.php(50): class_implements('Facade\\Ignition...')
#5 [internal function]: Facade\Ignition\SolutionProviders\SolutionProviderRepository->Facade\Ignition\SolutionProviders\{closure}('Facade\\Ignition...', 10)
#6 F:\DAW\ProyectoTransversal_1\Web\Laravel\takeAwayG6\vendor\laravel\framework\src\Illuminate\Collections\Arr.php(717): array_filter(Array, Object(Closure), 1)
#7 F:\DAW\ProyectoTransversal_1\Web\Laravel\takeAwayG6\vendor\laravel\framework\src\Illuminate\Collections\Collection.php(358): Illuminate\Support\Arr::where(Array, Object(Closure))
#8 F:\DAW\ProyectoTransversal_1\Web\Laravel\takeAwayG6\vendor\facade\ignition\src\SolutionProviders\SolutionProviderRepository.php(49): Illuminate\Support\Collection->filter(Object(Closure))
#9 F:\DAW\ProyectoTransversal_1\Web\Laravel\takeAwayG6\vendor\nunomaduro\collision\src\Adapters\Laravel\IgnitionSolutionsRepository.php(36): Facade\Ignition\SolutionProviders\SolutionProviderRepository->getSolutionsForThrowable(Object(Whoops\Exception\ErrorException))
#10 F:\DAW\ProyectoTransversal_1\Web\Laravel\takeAwayG6\vendor\nunomaduro\collision\src\Writer.php(244): NunoMaduro\Collision\Adapters\Laravel\IgnitionSolutionsRepository->getFromThrowable(Object(Whoops\Exception\ErrorException))
#11 F:\DAW\ProyectoTransversal_1\Web\Laravel\takeAwayG6\vendor\nunomaduro\collision\src\Writer.php(123): NunoMaduro\Collision\Writer->renderSolution(Object(Whoops\Exception\Inspector))
#12 F:\DAW\ProyectoTransversal_1\Web\Laravel\takeAwayG6\vendor\nunomaduro\collision\src\Handler.php(39): NunoMaduro\Collision\Writer->write(Object(Whoops\Exception\Inspector))
#13 F:\DAW\ProyectoTransversal_1\Web\Laravel\takeAwayG6\vendor\filp\whoops\src\Whoops\Run.php(398): NunoMaduro\Collision\Handler->handle(Object(Whoops\Exception\ErrorException))
#14 [internal function]: Whoops\Run->handleException(Object(Whoops\Exception\ErrorException))
#15 {main}
  thrown {"exception":"[object] (Symfony\\Component\\ErrorHandler\\Error\\FatalError(code: 0): Uncaught Whoops\\Exception\\ErrorException: Using ${var} in strings is deprecated, use {$var} instead in F:\\DAW\\ProyectoTransversal_1\\Web\\Laravel\\takeAwayG6\\vendor\\facade\\ignition\\src\\SolutionProviders\\MergeConflictSolutionProvider.php:52
Stack trace:
#0 F:\\DAW\\ProyectoTransversal_1\\Web\\Laravel\\takeAwayG6\\vendor\\composer\\ClassLoader.php(576): Whoops\\Run->handleError(8192, 'Using ${var} in...', 'F:\\\\DAW\\\\Proyecto...', 52)
#1 F:\\DAW\\ProyectoTransversal_1\\Web\\Laravel\\takeAwayG6\\vendor\\composer\\ClassLoader.php(576): include()
#2 F:\\DAW\\ProyectoTransversal_1\\Web\\Laravel\\takeAwayG6\\vendor\\composer\\ClassLoader.php(427): Composer\\Autoload\\{closure}('F:\\\\DAW\\\\Proyecto...')
#3 [internal function]: Composer\\Autoload\\ClassLoader->loadClass('Facade\\\\Ignition...')
#4 F:\\DAW\\ProyectoTransversal_1\\Web\\Laravel\\takeAwayG6\\vendor\\facade\\ignition\\src\\SolutionProviders\\SolutionProviderRepository.php(50): class_implements('Facade\\\\Ignition...')
#5 [internal function]: Facade\\Ignition\\SolutionProviders\\SolutionProviderRepository->Facade\\Ignition\\SolutionProviders\\{closure}('Facade\\\\Ignition...', 10)
#6 F:\\DAW\\ProyectoTransversal_1\\Web\\Laravel\\takeAwayG6\\vendor\\laravel\\framework\\src\\Illuminate\\Collections\\Arr.php(717): array_filter(Array, Object(Closure), 1)
#7 F:\\DAW\\ProyectoTransversal_1\\Web\\Laravel\\takeAwayG6\\vendor\\laravel\\framework\\src\\Illuminate\\Collections\\Collection.php(358): Illuminate\\Support\\Arr::where(Array, Object(Closure))
#8 F:\\DAW\\ProyectoTransversal_1\\Web\\Laravel\\takeAwayG6\\vendor\\facade\\ignition\\src\\SolutionProviders\\SolutionProviderRepository.php(49): Illuminate\\Support\\Collection->filter(Object(Closure))
#9 F:\\DAW\\ProyectoTransversal_1\\Web\\Laravel\\takeAwayG6\\vendor\\nunomaduro\\collision\\src\\Adapters\\Laravel\\IgnitionSolutionsRepository.php(36): Facade\\Ignition\\SolutionProviders\\SolutionProviderRepository->getSolutionsForThrowable(Object(Whoops\\Exception\\ErrorException))
#10 F:\\DAW\\ProyectoTransversal_1\\Web\\Laravel\\takeAwayG6\\vendor\\nunomaduro\\collision\\src\\Writer.php(244): NunoMaduro\\Collision\\Adapters\\Laravel\\IgnitionSolutionsRepository->getFromThrowable(Object(Whoops\\Exception\\ErrorException))
#11 F:\\DAW\\ProyectoTransversal_1\\Web\\Laravel\\takeAwayG6\\vendor\\nunomaduro\\collision\\src\\Writer.php(123): NunoMaduro\\Collision\\Writer->renderSolution(Object(Whoops\\Exception\\Inspector))
#12 F:\\DAW\\ProyectoTransversal_1\\Web\\Laravel\\takeAwayG6\\vendor\\nunomaduro\\collision\\src\\Handler.php(39): NunoMaduro\\Collision\\Writer->write(Object(Whoops\\Exception\\Inspector))
#13 F:\\DAW\\ProyectoTransversal_1\\Web\\Laravel\\takeAwayG6\\vendor\\filp\\whoops\\src\\Whoops\\Run.php(398): NunoMaduro\\Collision\\Handler->handle(Object(Whoops\\Exception\\ErrorException))
#14 [internal function]: Whoops\\Run->handleException(Object(Whoops\\Exception\\ErrorException))
#15 {main}
  thrown at F:\\DAW\\ProyectoTransversal_1\\Web\\Laravel\\takeAwayG6\\vendor\\facade\\ignition\\src\\SolutionProviders\\MergeConflictSolutionProvider.php:52)
[stacktrace]
#0 {main}
"} 
[2024-10-21 16:53:44] local.ERROR: SQLSTATE[HY000] [1049] Unknown database 'takeawayg6' (SQL: select max(`batch`) as aggregate from `migrations`) {"exception":"[object] (Illuminate\\Database\\QueryException(code: 1049): SQLSTATE[HY000] [1049] Unknown database 'takeawayg6' (SQL: select max(`batch`) as aggregate from `migrations`) at F:\\DAW\\ProyectoTransversal_1\\Web\\Laravel\\takeAwayG6\\vendor\\laravel\\framework\\src\\Illuminate\\Database\\Connection.php:712)
[stacktrace]
#0 F:\\DAW\\ProyectoTransversal_1\\Web\\Laravel\\takeAwayG6\\vendor\\laravel\\framework\\src\\Illuminate\\Database\\Connection.php(672): Illuminate\\Database\\Connection->runQueryCallback('select max(`bat...', Array, Object(Closure))
#1 F:\\DAW\\ProyectoTransversal_1\\Web\\Laravel\\takeAwayG6\\vendor\\laravel\\framework\\src\\Illuminate\\Database\\Connection.php(359): Illuminate\\Database\\Connection->run('select max(`bat...', Array, Object(Closure))
#2 F:\\DAW\\ProyectoTransversal_1\\Web\\Laravel\\takeAwayG6\\vendor\\laravel\\framework\\src\\Illuminate\\Database\\Query\\Builder.php(2413): Illuminate\\Database\\Connection->select('select max(`bat...', Array, false)
#3 F:\\DAW\\ProyectoTransversal_1\\Web\\Laravel\\takeAwayG6\\vendor\\laravel\\framework\\src\\Illuminate\\Database\\Query\\Builder.php(2402): Illuminate\\Database\\Query\\Builder->runSelect()
#4 F:\\DAW\\ProyectoTransversal_1\\Web\\Laravel\\takeAwayG6\\vendor\\laravel\\framework\\src\\Illuminate\\Database\\Query\\Builder.php(2936): Illuminate\\Database\\Query\\Builder->Illuminate\\Database\\Query\\{closure}()
#5 F:\\DAW\\ProyectoTransversal_1\\Web\\Laravel\\takeAwayG6\\vendor\\laravel\\framework\\src\\Illuminate\\Database\\Query\\Builder.php(2401): Illuminate\\Database\\Query\\Builder->onceWithColumns(Array, Object(Closure))
#6 F:\\DAW\\ProyectoTransversal_1\\Web\\Laravel\\takeAwayG6\\vendor\\laravel\\framework\\src\\Illuminate\\Database\\Query\\Builder.php(2863): Illuminate\\Database\\Query\\Builder->get(Array)
#7 F:\\DAW\\ProyectoTransversal_1\\Web\\Laravel\\takeAwayG6\\vendor\\laravel\\framework\\src\\Illuminate\\Database\\Query\\Builder.php(2813): Illuminate\\Database\\Query\\Builder->aggregate('max', Array)
#8 F:\\DAW\\ProyectoTransversal_1\\Web\\Laravel\\takeAwayG6\\vendor\\laravel\\framework\\src\\Illuminate\\Database\\Migrations\\DatabaseMigrationRepository.php(138): Illuminate\\Database\\Query\\Builder->max('batch')
#9 F:\\DAW\\ProyectoTransversal_1\\Web\\Laravel\\takeAwayG6\\vendor\\laravel\\framework\\src\\Illuminate\\Database\\Migrations\\DatabaseMigrationRepository.php(78): Illuminate\\Database\\Migrations\\DatabaseMigrationRepository->getLastBatchNumber()
#10 F:\\DAW\\ProyectoTransversal_1\\Web\\Laravel\\takeAwayG6\\vendor\\laravel\\framework\\src\\Illuminate\\Database\\Migrations\\Migrator.php(251): Illuminate\\Database\\Migrations\\DatabaseMigrationRepository->getLast()
#11 F:\\DAW\\ProyectoTransversal_1\\Web\\Laravel\\takeAwayG6\\vendor\\laravel\\framework\\src\\Illuminate\\Database\\Migrations\\Migrator.php(226): Illuminate\\Database\\Migrations\\Migrator->getMigrationsForRollback(Array)
#12 F:\\DAW\\ProyectoTransversal_1\\Web\\Laravel\\takeAwayG6\\vendor\\laravel\\framework\\src\\Illuminate\\Database\\Console\\Migrations\\RollbackCommand.php(59): Illuminate\\Database\\Migrations\\Migrator->rollback(Array, Array)
#13 F:\\DAW\\ProyectoTransversal_1\\Web\\Laravel\\takeAwayG6\\vendor\\laravel\\framework\\src\\Illuminate\\Database\\Migrations\\Migrator.php(606): Illuminate\\Database\\Console\\Migrations\\RollbackCommand->Illuminate\\Database\\Console\\Migrations\\{closure}()
#14 F:\\DAW\\ProyectoTransversal_1\\Web\\Laravel\\takeAwayG6\\vendor\\laravel\\framework\\src\\Illuminate\\Database\\Console\\Migrations\\RollbackCommand.php(58): Illuminate\\Database\\Migrations\\Migrator->usingConnection(NULL, Object(Closure))
#15 F:\\DAW\\ProyectoTransversal_1\\Web\\Laravel\\takeAwayG6\\vendor\\laravel\\framework\\src\\Illuminate\\Container\\BoundMethod.php(36): Illuminate\\Database\\Console\\Migrations\\RollbackCommand->handle()
#16 F:\\DAW\\ProyectoTransversal_1\\Web\\Laravel\\takeAwayG6\\vendor\\laravel\\framework\\src\\Illuminate\\Container\\Util.php(40): Illuminate\\Container\\BoundMethod::Illuminate\\Container\\{closure}()
#17 F:\\DAW\\ProyectoTransversal_1\\Web\\Laravel\\takeAwayG6\\vendor\\laravel\\framework\\src\\Illuminate\\Container\\BoundMethod.php(93): Illuminate\\Container\\Util::unwrapIfClosure(Object(Closure))
#18 F:\\DAW\\ProyectoTransversal_1\\Web\\Laravel\\takeAwayG6\\vendor\\laravel\\framework\\src\\Illuminate\\Container\\BoundMethod.php(35): Illuminate\\Container\\BoundMethod::callBoundMethod(Object(Illuminate\\Foundation\\Application), Array, Object(Closure))
#19 F:\\DAW\\ProyectoTransversal_1\\Web\\Laravel\\takeAwayG6\\vendor\\laravel\\framework\\src\\Illuminate\\Container\\Container.php(653): Illuminate\\Container\\BoundMethod::call(Object(Illuminate\\Foundation\\Application), Array, Array, NULL)
#20 F:\\DAW\\ProyectoTransversal_1\\Web\\Laravel\\takeAwayG6\\vendor\\laravel\\framework\\src\\Illuminate\\Console\\Command.php(136): Illuminate\\Container\\Container->call(Array)
#21 F:\\DAW\\ProyectoTransversal_1\\Web\\Laravel\\takeAwayG6\\vendor\\symfony\\console\\Command\\Command.php(298): Illuminate\\Console\\Command->execute(Object(Symfony\\Component\\Console\\Input\\ArgvInput), Object(Illuminate\\Console\\OutputStyle))
#22 F:\\DAW\\ProyectoTransversal_1\\Web\\Laravel\\takeAwayG6\\vendor\\laravel\\framework\\src\\Illuminate\\Console\\Command.php(120): Symfony\\Component\\Console\\Command\\Command->run(Object(Symfony\\Component\\Console\\Input\\ArgvInput), Object(Illuminate\\Console\\OutputStyle))
#23 F:\\DAW\\ProyectoTransversal_1\\Web\\Laravel\\takeAwayG6\\vendor\\symfony\\console\\Application.php(1040): Illuminate\\Console\\Command->run(Object(Symfony\\Component\\Console\\Input\\ArgvInput), Object(Symfony\\Component\\Console\\Output\\ConsoleOutput))
#24 F:\\DAW\\ProyectoTransversal_1\\Web\\Laravel\\takeAwayG6\\vendor\\symfony\\console\\Application.php(301): Symfony\\Component\\Console\\Application->doRunCommand(Object(Illuminate\\Database\\Console\\Migrations\\RollbackCommand), Object(Symfony\\Component\\Console\\Input\\ArgvInput), Object(Symfony\\Component\\Console\\Output\\ConsoleOutput))
#25 F:\\DAW\\ProyectoTransversal_1\\Web\\Laravel\\takeAwayG6\\vendor\\symfony\\console\\Application.php(171): Symfony\\Component\\Console\\Application->doRun(Object(Symfony\\Component\\Console\\Input\\ArgvInput), Object(Symfony\\Component\\Console\\Output\\ConsoleOutput))
#26 F:\\DAW\\ProyectoTransversal_1\\Web\\Laravel\\takeAwayG6\\vendor\\laravel\\framework\\src\\Illuminate\\Console\\Application.php(94): Symfony\\Component\\Console\\Application->run(Object(Symfony\\Component\\Console\\Input\\ArgvInput), Object(Symfony\\Component\\Console\\Output\\ConsoleOutput))
#27 F:\\DAW\\ProyectoTransversal_1\\Web\\Laravel\\takeAwayG6\\vendor\\laravel\\framework\\src\\Illuminate\\Foundation\\Console\\Kernel.php(129): Illuminate\\Console\\Application->run(Object(Symfony\\Component\\Console\\Input\\ArgvInput), Object(Symfony\\Component\\Console\\Output\\ConsoleOutput))
#28 F:\\DAW\\ProyectoTransversal_1\\Web\\Laravel\\takeAwayG6\\artisan(35): Illuminate\\Foundation\\Console\\Kernel->handle(Object(Symfony\\Component\\Console\\Input\\ArgvInput), Object(Symfony\\Component\\Console\\Output\\ConsoleOutput))
#29 {main}

[previous exception] [object] (PDOException(code: 1049): SQLSTATE[HY000] [1049] Unknown database 'takeawayg6' at F:\\DAW\\ProyectoTransversal_1\\Web\\Laravel\\takeAwayG6\\vendor\\laravel\\framework\\src\\Illuminate\\Database\\Connectors\\Connector.php:70)
[stacktrace]
#0 F:\\DAW\\ProyectoTransversal_1\\Web\\Laravel\\takeAwayG6\\vendor\\laravel\\framework\\src\\Illuminate\\Database\\Connectors\\Connector.php(70): PDO->__construct('mysql:host=127....', 'root', Object(SensitiveParameterValue), Array)
#1 F:\\DAW\\ProyectoTransversal_1\\Web\\Laravel\\takeAwayG6\\vendor\\laravel\\framework\\src\\Illuminate\\Database\\Connectors\\Connector.php(45): Illuminate\\Database\\Connectors\\Connector->createPdoConnection('mysql:host=127....', 'root', '', Array)
#2 F:\\DAW\\ProyectoTransversal_1\\Web\\Laravel\\takeAwayG6\\vendor\\laravel\\framework\\src\\Illuminate\\Database\\Connectors\\MySqlConnector.php(24): Illuminate\\Database\\Connectors\\Connector->createConnection('mysql:host=127....', Array, Array)
#3 F:\\DAW\\ProyectoTransversal_1\\Web\\Laravel\\takeAwayG6\\vendor\\laravel\\framework\\src\\Illuminate\\Database\\Connectors\\ConnectionFactory.php(184): Illuminate\\Database\\Connectors\\MySqlConnector->connect(Array)
#4 [internal function]: Illuminate\\Database\\Connectors\\ConnectionFactory->Illuminate\\Database\\Connectors\\{closure}()
#5 F:\\DAW\\ProyectoTransversal_1\\Web\\Laravel\\takeAwayG6\\vendor\\laravel\\framework\\src\\Illuminate\\Database\\Connection.php(1064): call_user_func(Object(Closure))
#6 F:\\DAW\\ProyectoTransversal_1\\Web\\Laravel\\takeAwayG6\\vendor\\laravel\\framework\\src\\Illuminate\\Database\\Connection.php(442): Illuminate\\Database\\Connection->getPdo()
#7 F:\\DAW\\ProyectoTransversal_1\\Web\\Laravel\\takeAwayG6\\vendor\\laravel\\framework\\src\\Illuminate\\Database\\Connection.php(368): Illuminate\\Database\\Connection->getPdoForSelect(false)
#8 F:\\DAW\\ProyectoTransversal_1\\Web\\Laravel\\takeAwayG6\\vendor\\laravel\\framework\\src\\Illuminate\\Database\\Connection.php(705): Illuminate\\Database\\Connection->Illuminate\\Database\\{closure}('select max(`bat...', Array)
#9 F:\\DAW\\ProyectoTransversal_1\\Web\\Laravel\\takeAwayG6\\vendor\\laravel\\framework\\src\\Illuminate\\Database\\Connection.php(672): Illuminate\\Database\\Connection->runQueryCallback('select max(`bat...', Array, Object(Closure))
#10 F:\\DAW\\ProyectoTransversal_1\\Web\\Laravel\\takeAwayG6\\vendor\\laravel\\framework\\src\\Illuminate\\Database\\Connection.php(359): Illuminate\\Database\\Connection->run('select max(`bat...', Array, Object(Closure))
#11 F:\\DAW\\ProyectoTransversal_1\\Web\\Laravel\\takeAwayG6\\vendor\\laravel\\framework\\src\\Illuminate\\Database\\Query\\Builder.php(2413): Illuminate\\Database\\Connection->select('select max(`bat...', Array, false)
#12 F:\\DAW\\ProyectoTransversal_1\\Web\\Laravel\\takeAwayG6\\vendor\\laravel\\framework\\src\\Illuminate\\Database\\Query\\Builder.php(2402): Illuminate\\Database\\Query\\Builder->runSelect()
#13 F:\\DAW\\ProyectoTransversal_1\\Web\\Laravel\\takeAwayG6\\vendor\\laravel\\framework\\src\\Illuminate\\Database\\Query\\Builder.php(2936): Illuminate\\Database\\Query\\Builder->Illuminate\\Database\\Query\\{closure}()
#14 F:\\DAW\\ProyectoTransversal_1\\Web\\Laravel\\takeAwayG6\\vendor\\laravel\\framework\\src\\Illuminate\\Database\\Query\\Builder.php(2401): Illuminate\\Database\\Query\\Builder->onceWithColumns(Array, Object(Closure))
#15 F:\\DAW\\ProyectoTransversal_1\\Web\\Laravel\\takeAwayG6\\vendor\\laravel\\framework\\src\\Illuminate\\Database\\Query\\Builder.php(2863): Illuminate\\Database\\Query\\Builder->get(Array)
#16 F:\\DAW\\ProyectoTransversal_1\\Web\\Laravel\\takeAwayG6\\vendor\\laravel\\framework\\src\\Illuminate\\Database\\Query\\Builder.php(2813): Illuminate\\Database\\Query\\Builder->aggregate('max', Array)
#17 F:\\DAW\\ProyectoTransversal_1\\Web\\Laravel\\takeAwayG6\\vendor\\laravel\\framework\\src\\Illuminate\\Database\\Migrations\\DatabaseMigrationRepository.php(138): Illuminate\\Database\\Query\\Builder->max('batch')
#18 F:\\DAW\\ProyectoTransversal_1\\Web\\Laravel\\takeAwayG6\\vendor\\laravel\\framework\\src\\Illuminate\\Database\\Migrations\\DatabaseMigrationRepository.php(78): Illuminate\\Database\\Migrations\\DatabaseMigrationRepository->getLastBatchNumber()
#19 F:\\DAW\\ProyectoTransversal_1\\Web\\Laravel\\takeAwayG6\\vendor\\laravel\\framework\\src\\Illuminate\\Database\\Migrations\\Migrator.php(251): Illuminate\\Database\\Migrations\\DatabaseMigrationRepository->getLast()
#20 F:\\DAW\\ProyectoTransversal_1\\Web\\Laravel\\takeAwayG6\\vendor\\laravel\\framework\\src\\Illuminate\\Database\\Migrations\\Migrator.php(226): Illuminate\\Database\\Migrations\\Migrator->getMigrationsForRollback(Array)
#21 F:\\DAW\\ProyectoTransversal_1\\Web\\Laravel\\takeAwayG6\\vendor\\laravel\\framework\\src\\Illuminate\\Database\\Console\\Migrations\\RollbackCommand.php(59): Illuminate\\Database\\Migrations\\Migrator->rollback(Array, Array)
#22 F:\\DAW\\ProyectoTransversal_1\\Web\\Laravel\\takeAwayG6\\vendor\\laravel\\framework\\src\\Illuminate\\Database\\Migrations\\Migrator.php(606): Illuminate\\Database\\Console\\Migrations\\RollbackCommand->Illuminate\\Database\\Console\\Migrations\\{closure}()
#23 F:\\DAW\\ProyectoTransversal_1\\Web\\Laravel\\takeAwayG6\\vendor\\laravel\\framework\\src\\Illuminate\\Database\\Console\\Migrations\\RollbackCommand.php(58): Illuminate\\Database\\Migrations\\Migrator->usingConnection(NULL, Object(Closure))
#24 F:\\DAW\\ProyectoTransversal_1\\Web\\Laravel\\takeAwayG6\\vendor\\laravel\\framework\\src\\Illuminate\\Container\\BoundMethod.php(36): Illuminate\\Database\\Console\\Migrations\\RollbackCommand->handle()
#25 F:\\DAW\\ProyectoTransversal_1\\Web\\Laravel\\takeAwayG6\\vendor\\laravel\\framework\\src\\Illuminate\\Container\\Util.php(40): Illuminate\\Container\\BoundMethod::Illuminate\\Container\\{closure}()
#26 F:\\DAW\\ProyectoTransversal_1\\Web\\Laravel\\takeAwayG6\\vendor\\laravel\\framework\\src\\Illuminate\\Container\\BoundMethod.php(93): Illuminate\\Container\\Util::unwrapIfClosure(Object(Closure))
#27 F:\\DAW\\ProyectoTransversal_1\\Web\\Laravel\\takeAwayG6\\vendor\\laravel\\framework\\src\\Illuminate\\Container\\BoundMethod.php(35): Illuminate\\Container\\BoundMethod::callBoundMethod(Object(Illuminate\\Foundation\\Application), Array, Object(Closure))
#28 F:\\DAW\\ProyectoTransversal_1\\Web\\Laravel\\takeAwayG6\\vendor\\laravel\\framework\\src\\Illuminate\\Container\\Container.php(653): Illuminate\\Container\\BoundMethod::call(Object(Illuminate\\Foundation\\Application), Array, Array, NULL)
#29 F:\\DAW\\ProyectoTransversal_1\\Web\\Laravel\\takeAwayG6\\vendor\\laravel\\framework\\src\\Illuminate\\Console\\Command.php(136): Illuminate\\Container\\Container->call(Array)
#30 F:\\DAW\\ProyectoTransversal_1\\Web\\Laravel\\takeAwayG6\\vendor\\symfony\\console\\Command\\Command.php(298): Illuminate\\Console\\Command->execute(Object(Symfony\\Component\\Console\\Input\\ArgvInput), Object(Illuminate\\Console\\OutputStyle))
#31 F:\\DAW\\ProyectoTransversal_1\\Web\\Laravel\\takeAwayG6\\vendor\\laravel\\framework\\src\\Illuminate\\Console\\Command.php(120): Symfony\\Component\\Console\\Command\\Command->run(Object(Symfony\\Component\\Console\\Input\\ArgvInput), Object(Illuminate\\Console\\OutputStyle))
#32 F:\\DAW\\ProyectoTransversal_1\\Web\\Laravel\\takeAwayG6\\vendor\\symfony\\console\\Application.php(1040): Illuminate\\Console\\Command->run(Object(Symfony\\Component\\Console\\Input\\ArgvInput), Object(Symfony\\Component\\Console\\Output\\ConsoleOutput))
#33 F:\\DAW\\ProyectoTransversal_1\\Web\\Laravel\\takeAwayG6\\vendor\\symfony\\console\\Application.php(301): Symfony\\Component\\Console\\Application->doRunCommand(Object(Illuminate\\Database\\Console\\Migrations\\RollbackCommand), Object(Symfony\\Component\\Console\\Input\\ArgvInput), Object(Symfony\\Component\\Console\\Output\\ConsoleOutput))
#34 F:\\DAW\\ProyectoTransversal_1\\Web\\Laravel\\takeAwayG6\\vendor\\symfony\\console\\Application.php(171): Symfony\\Component\\Console\\Application->doRun(Object(Symfony\\Component\\Console\\Input\\ArgvInput), Object(Symfony\\Component\\Console\\Output\\ConsoleOutput))
#35 F:\\DAW\\ProyectoTransversal_1\\Web\\Laravel\\takeAwayG6\\vendor\\laravel\\framework\\src\\Illuminate\\Console\\Application.php(94): Symfony\\Component\\Console\\Application->run(Object(Symfony\\Component\\Console\\Input\\ArgvInput), Object(Symfony\\Component\\Console\\Output\\ConsoleOutput))
#36 F:\\DAW\\ProyectoTransversal_1\\Web\\Laravel\\takeAwayG6\\vendor\\laravel\\framework\\src\\Illuminate\\Foundation\\Console\\Kernel.php(129): Illuminate\\Console\\Application->run(Object(Symfony\\Component\\Console\\Input\\ArgvInput), Object(Symfony\\Component\\Console\\Output\\ConsoleOutput))
#37 F:\\DAW\\ProyectoTransversal_1\\Web\\Laravel\\takeAwayG6\\artisan(35): Illuminate\\Foundation\\Console\\Kernel->handle(Object(Symfony\\Component\\Console\\Input\\ArgvInput), Object(Symfony\\Component\\Console\\Output\\ConsoleOutput))
#38 {main}
"} 
[2024-10-21 16:53:44] local.ERROR: Uncaught Whoops\Exception\ErrorException: Using ${var} in strings is deprecated, use {$var} instead in F:\DAW\ProyectoTransversal_1\Web\Laravel\takeAwayG6\vendor\facade\ignition\src\SolutionProviders\MergeConflictSolutionProvider.php:52
Stack trace:
#0 F:\DAW\ProyectoTransversal_1\Web\Laravel\takeAwayG6\vendor\composer\ClassLoader.php(576): Whoops\Run->handleError(8192, 'Using ${var} in...', 'F:\\DAW\\Proyecto...', 52)
#1 F:\DAW\ProyectoTransversal_1\Web\Laravel\takeAwayG6\vendor\composer\ClassLoader.php(576): include()
#2 F:\DAW\ProyectoTransversal_1\Web\Laravel\takeAwayG6\vendor\composer\ClassLoader.php(427): Composer\Autoload\{closure}('F:\\DAW\\Proyecto...')
#3 [internal function]: Composer\Autoload\ClassLoader->loadClass('Facade\\Ignition...')
#4 F:\DAW\ProyectoTransversal_1\Web\Laravel\takeAwayG6\vendor\facade\ignition\src\SolutionProviders\SolutionProviderRepository.php(50): class_implements('Facade\\Ignition...')
#5 [internal function]: Facade\Ignition\SolutionProviders\SolutionProviderRepository->Facade\Ignition\SolutionProviders\{closure}('Facade\\Ignition...', 10)
#6 F:\DAW\ProyectoTransversal_1\Web\Laravel\takeAwayG6\vendor\laravel\framework\src\Illuminate\Collections\Arr.php(717): array_filter(Array, Object(Closure), 1)
#7 F:\DAW\ProyectoTransversal_1\Web\Laravel\takeAwayG6\vendor\laravel\framework\src\Illuminate\Collections\Collection.php(358): Illuminate\Support\Arr::where(Array, Object(Closure))
#8 F:\DAW\ProyectoTransversal_1\Web\Laravel\takeAwayG6\vendor\facade\ignition\src\SolutionProviders\SolutionProviderRepository.php(49): Illuminate\Support\Collection->filter(Object(Closure))
#9 F:\DAW\ProyectoTransversal_1\Web\Laravel\takeAwayG6\vendor\nunomaduro\collision\src\Adapters\Laravel\IgnitionSolutionsRepository.php(36): Facade\Ignition\SolutionProviders\SolutionProviderRepository->getSolutionsForThrowable(Object(Whoops\Exception\ErrorException))
#10 F:\DAW\ProyectoTransversal_1\Web\Laravel\takeAwayG6\vendor\nunomaduro\collision\src\Writer.php(244): NunoMaduro\Collision\Adapters\Laravel\IgnitionSolutionsRepository->getFromThrowable(Object(Whoops\Exception\ErrorException))
#11 F:\DAW\ProyectoTransversal_1\Web\Laravel\takeAwayG6\vendor\nunomaduro\collision\src\Writer.php(123): NunoMaduro\Collision\Writer->renderSolution(Object(Whoops\Exception\Inspector))
#12 F:\DAW\ProyectoTransversal_1\Web\Laravel\takeAwayG6\vendor\nunomaduro\collision\src\Handler.php(39): NunoMaduro\Collision\Writer->write(Object(Whoops\Exception\Inspector))
#13 F:\DAW\ProyectoTransversal_1\Web\Laravel\takeAwayG6\vendor\filp\whoops\src\Whoops\Run.php(398): NunoMaduro\Collision\Handler->handle(Object(Whoops\Exception\ErrorException))
#14 [internal function]: Whoops\Run->handleException(Object(Whoops\Exception\ErrorException))
#15 {main}
  thrown {"exception":"[object] (Symfony\\Component\\ErrorHandler\\Error\\FatalError(code: 0): Uncaught Whoops\\Exception\\ErrorException: Using ${var} in strings is deprecated, use {$var} instead in F:\\DAW\\ProyectoTransversal_1\\Web\\Laravel\\takeAwayG6\\vendor\\facade\\ignition\\src\\SolutionProviders\\MergeConflictSolutionProvider.php:52
Stack trace:
#0 F:\\DAW\\ProyectoTransversal_1\\Web\\Laravel\\takeAwayG6\\vendor\\composer\\ClassLoader.php(576): Whoops\\Run->handleError(8192, 'Using ${var} in...', 'F:\\\\DAW\\\\Proyecto...', 52)
#1 F:\\DAW\\ProyectoTransversal_1\\Web\\Laravel\\takeAwayG6\\vendor\\composer\\ClassLoader.php(576): include()
#2 F:\\DAW\\ProyectoTransversal_1\\Web\\Laravel\\takeAwayG6\\vendor\\composer\\ClassLoader.php(427): Composer\\Autoload\\{closure}('F:\\\\DAW\\\\Proyecto...')
#3 [internal function]: Composer\\Autoload\\ClassLoader->loadClass('Facade\\\\Ignition...')
#4 F:\\DAW\\ProyectoTransversal_1\\Web\\Laravel\\takeAwayG6\\vendor\\facade\\ignition\\src\\SolutionProviders\\SolutionProviderRepository.php(50): class_implements('Facade\\\\Ignition...')
#5 [internal function]: Facade\\Ignition\\SolutionProviders\\SolutionProviderRepository->Facade\\Ignition\\SolutionProviders\\{closure}('Facade\\\\Ignition...', 10)
#6 F:\\DAW\\ProyectoTransversal_1\\Web\\Laravel\\takeAwayG6\\vendor\\laravel\\framework\\src\\Illuminate\\Collections\\Arr.php(717): array_filter(Array, Object(Closure), 1)
#7 F:\\DAW\\ProyectoTransversal_1\\Web\\Laravel\\takeAwayG6\\vendor\\laravel\\framework\\src\\Illuminate\\Collections\\Collection.php(358): Illuminate\\Support\\Arr::where(Array, Object(Closure))
#8 F:\\DAW\\ProyectoTransversal_1\\Web\\Laravel\\takeAwayG6\\vendor\\facade\\ignition\\src\\SolutionProviders\\SolutionProviderRepository.php(49): Illuminate\\Support\\Collection->filter(Object(Closure))
#9 F:\\DAW\\ProyectoTransversal_1\\Web\\Laravel\\takeAwayG6\\vendor\\nunomaduro\\collision\\src\\Adapters\\Laravel\\IgnitionSolutionsRepository.php(36): Facade\\Ignition\\SolutionProviders\\SolutionProviderRepository->getSolutionsForThrowable(Object(Whoops\\Exception\\ErrorException))
#10 F:\\DAW\\ProyectoTransversal_1\\Web\\Laravel\\takeAwayG6\\vendor\\nunomaduro\\collision\\src\\Writer.php(244): NunoMaduro\\Collision\\Adapters\\Laravel\\IgnitionSolutionsRepository->getFromThrowable(Object(Whoops\\Exception\\ErrorException))
#11 F:\\DAW\\ProyectoTransversal_1\\Web\\Laravel\\takeAwayG6\\vendor\\nunomaduro\\collision\\src\\Writer.php(123): NunoMaduro\\Collision\\Writer->renderSolution(Object(Whoops\\Exception\\Inspector))
#12 F:\\DAW\\ProyectoTransversal_1\\Web\\Laravel\\takeAwayG6\\vendor\\nunomaduro\\collision\\src\\Handler.php(39): NunoMaduro\\Collision\\Writer->write(Object(Whoops\\Exception\\Inspector))
#13 F:\\DAW\\ProyectoTransversal_1\\Web\\Laravel\\takeAwayG6\\vendor\\filp\\whoops\\src\\Whoops\\Run.php(398): NunoMaduro\\Collision\\Handler->handle(Object(Whoops\\Exception\\ErrorException))
#14 [internal function]: Whoops\\Run->handleException(Object(Whoops\\Exception\\ErrorException))
#15 {main}
  thrown at F:\\DAW\\ProyectoTransversal_1\\Web\\Laravel\\takeAwayG6\\vendor\\facade\\ignition\\src\\SolutionProviders\\MergeConflictSolutionProvider.php:52)
[stacktrace]
#0 {main}
"} 
